[INFO] [2019-08-04 21:59:22][com.dol.school.common.utils.WechatUtils]打印微信表情==========>/::Q
  [INFO] [2019-08-04 22:15:46][com.dol.school.common.utils.WechatUtils]打印微信表情==========>/::Q
  [INFO] [2019-08-04 22:17:09][com.dol.school.common.utils.WechatUtils]打印微信表情==========>/::Q
  [INFO] [2019-08-04 22:21:34][com.dol.school.common.utils.WechatUtils]打印微信表情==========>/::Q
  [INFO] [2019-08-04 22:30:24][com.dol.school.common.utils.WechatUtils]打印微信表情==========>/::Q
  [INFO] [2019-08-04 22:30:51][com.dol.school.common.utils.WechatUtils]打印微信表情==========>/::Q
  [INFO] [2019-08-04 22:32:50][com.dol.school.common.utils.WechatUtils]打印微信表情==========>/::Q
  [INFO] [2019-08-04 22:33:33][com.dol.school.common.utils.WechatUtils]打印微信表情==========>/::Q
  [INFO] [2019-08-04 22:34:27][com.dol.school.common.utils.WechatUtils]打印微信表情==========>/::Q
  [INFO] [2019-08-04 22:35:12][com.dol.school.common.utils.WechatUtils]打印微信表情==========>/::Q
  [INFO] [2019-08-04 22:36:28][com.dol.school.common.utils.WechatUtils]打印微信表情==========>/::Q
  [INFO] [2019-08-04 22:36:44][com.dol.school.common.utils.WechatUtils]打印微信表情==========>/::Q
  [INFO] [2019-08-04 22:38:26][com.dol.school.common.utils.WechatUtils]打印微信表情==========>/::Q
  [INFO] [2019-08-04 22:39:27][com.dol.school.common.utils.WechatUtils]打印微信表情==========>/::Q
  [INFO] [2019-08-04 22:40:29][com.dol.school.common.utils.WechatUtils]打印微信表情==========>/::Q
  [INFO] [2019-08-04 22:47:51][com.dol.school.common.utils.WechatUtils]打印微信表情==========>/::Q
  [INFO] [2019-08-04 22:48:04][com.dol.school.common.utils.WechatUtils]打印微信表情==========>/::Q
  [INFO] [2019-08-04 22:50:38][com.dol.school.common.utils.WechatUtils]打印微信表情==========>/::
  [INFO] [2019-08-04 22:51:41][com.dol.school.common.utils.WechatUtils]打印微信表情==========>/::)
  [INFO] [2019-08-04 22:52:47][com.dol.school.common.utils.WechatUtils]打印微信表情==========>/::)
  [INFO] [2019-08-04 22:57:49][com.dol.school.common.utils.WechatUtils]打印微信表情==========>/::)
  [INFO] [2019-08-04 23:00:09][com.dol.school.common.utils.WechatUtils]打印微信表情==========>/::)
  [INFO] [2019-08-05 22:20:43][com.dol.school.common.utils.WechatUtils]打印微信表情==========>/::)/::Q/::T/:P-(
  [INFO] [2019-08-09 21:57:54][com.dol.school.common.utils.WechatUtils]打印微信表情==========>/::)/::Q/::T/:P-(
  